<?xml version="1.0" encoding="UTF-8"?>
<!-- Generated by org.testng.reporters.JUnitXMLReporter -->
<testsuite hostname="SHWETA" ignored="0" name="Firmex Login Test Cases" tests="6" failures="0" timestamp="23 Jul 2020 18:46:51 GMT" time="150.68" errors="0">
  <testcase name="firmexLogin" time="5.425" classname="com.firmex.API.LoginAPITest"/>
  <testcase name="verifyfirmexHomePageTest" time="0.126" classname="com.firmex.tests.FirmexHomePageTest"/>
  <testcase name="verifyfirmexLoginPageTest" time="2.008" classname="com.firmex.tests.FirmexLoginPageTest"/>
  <testcase name="clickonloginBtnTest" time="0.463" classname="com.firmex.tests.FirmexHomePageTest"/>
  <testcase name="verifyloginwithInvalidEmail" time="2.706" classname="com.firmex.tests.FirmexLoginPageTest"/>
  <testcase name="verifyloginwithInvalidPassword" time="4.548" classname="com.firmex.tests.FirmexLoginPageTest"/>
</testsuite> <!-- Firmex Login Test Cases -->
