<?xml version="1.0" encoding="UTF-8"?>
<!-- Generated by org.testng.reporters.JUnitXMLReporter -->
<testsuite hostname="SHWETA" ignored="0" name="Firmex Login Test Cases" tests="6" failures="0" timestamp="22 Jul 2020 18:31:14 GMT" time="145.055" errors="0">
  <testcase name="firmexLogin" time="3.244" classname="com.firmex.API.LoginAPITest"/>
  <testcase name="verifyfirmexHomePageTest" time="0.125" classname="com.firmex.tests.FirmexHomePageTest"/>
  <testcase name="verifyfirmexLoginPageTest" time="2.012" classname="com.firmex.tests.FirmexLoginPageTest"/>
  <testcase name="clickonloginBtnTest" time="0.548" classname="com.firmex.tests.FirmexHomePageTest"/>
  <testcase name="verifyloginwithInvalidEmail" time="2.174" classname="com.firmex.tests.FirmexLoginPageTest"/>
  <testcase name="verifyloginwithInvalidPassword" time="3.912" classname="com.firmex.tests.FirmexLoginPageTest"/>
</testsuite> <!-- Firmex Login Test Cases -->
