<?xml version="1.0" encoding="UTF-8"?>
<testng-results skipped="0" failed="0" ignored="0" total="6" passed="6">
  <reporter-output>
  </reporter-output>
  <suite name="Firmex Test Automation Suite" duration-ms="150680" started-at="2020-07-23T18:44:21Z" finished-at="2020-07-23T18:46:51Z">
    <groups>
    </groups>
    <test name="Firmex Login Test Cases" duration-ms="150680" started-at="2020-07-23T18:44:21Z" finished-at="2020-07-23T18:46:51Z">
      <class name="com.firmex.tests.FirmexHomePageTest">
        <test-method status="PASS" signature="setUP()[pri:0, instance:com.firmex.tests.FirmexHomePageTest@6fd02e5]" name="setUP" is-config="true" duration-ms="12550" started-at="2020-07-23T18:44:26Z" finished-at="2020-07-23T18:44:39Z">
          <reporter-output>
          </reporter-output>
        </test-method> <!-- setUP -->
        <test-method status="PASS" signature="verifyfirmexHomePageTest()[pri:1, instance:com.firmex.tests.FirmexHomePageTest@6fd02e5]" name="verifyfirmexHomePageTest" duration-ms="126" started-at="2020-07-23T18:44:39Z" finished-at="2020-07-23T18:44:39Z">
          <reporter-output>
          </reporter-output>
        </test-method> <!-- verifyfirmexHomePageTest -->
        <test-method status="PASS" signature="tearDown()[pri:0, instance:com.firmex.tests.FirmexHomePageTest@6fd02e5]" name="tearDown" is-config="true" duration-ms="13137" started-at="2020-07-23T18:44:39Z" finished-at="2020-07-23T18:44:52Z">
          <reporter-output>
          </reporter-output>
        </test-method> <!-- tearDown -->
        <test-method status="PASS" signature="setUP()[pri:0, instance:com.firmex.tests.FirmexHomePageTest@6fd02e5]" name="setUP" is-config="true" duration-ms="16735" started-at="2020-07-23T18:45:23Z" finished-at="2020-07-23T18:45:39Z">
          <reporter-output>
          </reporter-output>
        </test-method> <!-- setUP -->
        <test-method status="PASS" signature="clickonloginBtnTest()[pri:2, instance:com.firmex.tests.FirmexHomePageTest@6fd02e5]" name="clickonloginBtnTest" duration-ms="463" started-at="2020-07-23T18:45:39Z" depends-on-methods="com.firmex.tests.FirmexHomePageTest.verifyfirmexHomePageTest" finished-at="2020-07-23T18:45:40Z">
          <reporter-output>
          </reporter-output>
        </test-method> <!-- clickonloginBtnTest -->
        <test-method status="PASS" signature="tearDown()[pri:0, instance:com.firmex.tests.FirmexHomePageTest@6fd02e5]" name="tearDown" is-config="true" duration-ms="7714" started-at="2020-07-23T18:45:40Z" finished-at="2020-07-23T18:45:48Z">
          <reporter-output>
          </reporter-output>
        </test-method> <!-- tearDown -->
      </class> <!-- com.firmex.tests.FirmexHomePageTest -->
      <class name="com.firmex.tests.FirmexLoginPageTest">
        <test-method status="PASS" signature="setUP()[pri:0, instance:com.firmex.tests.FirmexLoginPageTest@5bcab519]" name="setUP" is-config="true" duration-ms="13953" started-at="2020-07-23T18:44:52Z" finished-at="2020-07-23T18:45:06Z">
          <reporter-output>
          </reporter-output>
        </test-method> <!-- setUP -->
        <test-method status="PASS" signature="verifyfirmexLoginPageTest()[pri:1, instance:com.firmex.tests.FirmexLoginPageTest@5bcab519]" name="verifyfirmexLoginPageTest" duration-ms="2008" started-at="2020-07-23T18:45:06Z" finished-at="2020-07-23T18:45:08Z">
          <reporter-output>
          </reporter-output>
        </test-method> <!-- verifyfirmexLoginPageTest -->
        <test-method status="PASS" signature="tearDown()[pri:0, instance:com.firmex.tests.FirmexLoginPageTest@5bcab519]" name="tearDown" is-config="true" duration-ms="14722" started-at="2020-07-23T18:45:08Z" finished-at="2020-07-23T18:45:23Z">
          <reporter-output>
          </reporter-output>
        </test-method> <!-- tearDown -->
        <test-method status="PASS" signature="setUP()[pri:0, instance:com.firmex.tests.FirmexLoginPageTest@5bcab519]" name="setUP" is-config="true" duration-ms="13835" started-at="2020-07-23T18:45:48Z" finished-at="2020-07-23T18:46:01Z">
          <reporter-output>
          </reporter-output>
        </test-method> <!-- setUP -->
        <test-method status="PASS" signature="verifyloginwithInvalidEmail()[pri:2, instance:com.firmex.tests.FirmexLoginPageTest@5bcab519]" name="verifyloginwithInvalidEmail" duration-ms="2706" started-at="2020-07-23T18:46:01Z" depends-on-methods="com.firmex.tests.FirmexLoginPageTest.verifyfirmexLoginPageTest" finished-at="2020-07-23T18:46:04Z">
          <reporter-output>
          </reporter-output>
        </test-method> <!-- verifyloginwithInvalidEmail -->
        <test-method status="PASS" signature="tearDown()[pri:0, instance:com.firmex.tests.FirmexLoginPageTest@5bcab519]" name="tearDown" is-config="true" duration-ms="13783" started-at="2020-07-23T18:46:04Z" finished-at="2020-07-23T18:46:18Z">
          <reporter-output>
          </reporter-output>
        </test-method> <!-- tearDown -->
        <test-method status="PASS" signature="setUP()[pri:0, instance:com.firmex.tests.FirmexLoginPageTest@5bcab519]" name="setUP" is-config="true" duration-ms="14295" started-at="2020-07-23T18:46:18Z" finished-at="2020-07-23T18:46:32Z">
          <reporter-output>
          </reporter-output>
        </test-method> <!-- setUP -->
        <test-method status="PASS" signature="verifyloginwithInvalidPassword()[pri:3, instance:com.firmex.tests.FirmexLoginPageTest@5bcab519]" name="verifyloginwithInvalidPassword" duration-ms="4548" started-at="2020-07-23T18:46:32Z" depends-on-methods="com.firmex.tests.FirmexLoginPageTest.verifyloginwithInvalidEmail, com.firmex.tests.FirmexLoginPageTest.verifyfirmexLoginPageTest" finished-at="2020-07-23T18:46:37Z">
          <reporter-output>
          </reporter-output>
        </test-method> <!-- verifyloginwithInvalidPassword -->
        <test-method status="PASS" signature="tearDown()[pri:0, instance:com.firmex.tests.FirmexLoginPageTest@5bcab519]" name="tearDown" is-config="true" duration-ms="14606" started-at="2020-07-23T18:46:37Z" finished-at="2020-07-23T18:46:51Z">
          <reporter-output>
          </reporter-output>
        </test-method> <!-- tearDown -->
      </class> <!-- com.firmex.tests.FirmexLoginPageTest -->
      <class name="com.firmex.API.LoginAPITest">
        <test-method status="PASS" signature="firmexLogin()[pri:0, instance:com.firmex.API.LoginAPITest@e45f292]" name="firmexLogin" duration-ms="5425" started-at="2020-07-23T18:44:21Z" finished-at="2020-07-23T18:44:26Z">
          <reporter-output>
          </reporter-output>
        </test-method> <!-- firmexLogin -->
      </class> <!-- com.firmex.API.LoginAPITest -->
    </test> <!-- Firmex Login Test Cases -->
  </suite> <!-- Firmex Test Automation Suite -->
</testng-results>
